2019-02-12 19:40:44,957 [INFO] from play.core.server.NettyServer in pool-4-thread-6 - Listening for HTTP on /0:0:0:0:0:0:0:0:9000
2019-02-12 19:41:23,744 [WARN] from application in ForkJoinPool-1-worker-1 - Logger configuration in conf files is deprecated and has no effect. Use a logback configuration file instead.
2019-02-12 19:41:24,886 [INFO] from application in ForkJoinPool-1-worker-1 - Creating Pool for datasource 'default'
2019-02-12 19:41:26,616 [ERROR] from application in New I/O worker #1 - 

! @7ape82c26 - Internal server error, for (GET) [/] ->
 
play.api.Configuration$$anon$1: Configuration error[Cannot connect to database [default]]
	at play.api.Configuration$.configError(Configuration.scala:178) ~[play_2.11-2.4.3.jar:2.4.3]
	at play.api.Configuration.reportError(Configuration.scala:829) ~[play_2.11-2.4.3.jar:2.4.3]
	at play.api.db.DefaultDBApi$$anonfun$connect$1.apply(DefaultDBApi.scala:48) ~[play-jdbc_2.11-2.4.3.jar:2.4.3]
	at play.api.db.DefaultDBApi$$anonfun$connect$1.apply(DefaultDBApi.scala:42) ~[play-jdbc_2.11-2.4.3.jar:2.4.3]
	at scala.collection.immutable.List.foreach(List.scala:381) ~[scala-library-2.11.7.jar:na]
	at play.api.db.DefaultDBApi.connect(DefaultDBApi.scala:42) ~[play-jdbc_2.11-2.4.3.jar:2.4.3]
	at play.api.db.DBApiProvider.get$lzycompute(DBModule.scala:72) ~[play-jdbc_2.11-2.4.3.jar:2.4.3]
	at play.api.db.DBApiProvider.get(DBModule.scala:62) ~[play-jdbc_2.11-2.4.3.jar:2.4.3]
	at play.api.db.DBApiProvider.get(DBModule.scala:58) ~[play-jdbc_2.11-2.4.3.jar:2.4.3]
	at com.google.inject.internal.ProviderInternalFactory.provision(ProviderInternalFactory.java:81) ~[guice-4.0.jar:na]
	at com.google.inject.internal.BoundProviderFactory.provision(BoundProviderFactory.java:72) ~[guice-4.0.jar:na]
	at com.google.inject.internal.ProviderInternalFactory.circularGet(ProviderInternalFactory.java:61) ~[guice-4.0.jar:na]
	at com.google.inject.internal.BoundProviderFactory.get(BoundProviderFactory.java:62) ~[guice-4.0.jar:na]
	at com.google.inject.internal.SingleFieldInjector.inject(SingleFieldInjector.java:54) ~[guice-4.0.jar:na]
	at com.google.inject.internal.MembersInjectorImpl.injectMembers(MembersInjectorImpl.java:132) ~[guice-4.0.jar:na]
	at com.google.inject.internal.MembersInjectorImpl$1.call(MembersInjectorImpl.java:93) ~[guice-4.0.jar:na]
	at com.google.inject.internal.MembersInjectorImpl$1.call(MembersInjectorImpl.java:80) ~[guice-4.0.jar:na]
	at com.google.inject.internal.InjectorImpl.callInContext(InjectorImpl.java:1103) ~[guice-4.0.jar:na]
	at com.google.inject.internal.MembersInjectorImpl.injectAndNotify(MembersInjectorImpl.java:80) ~[guice-4.0.jar:na]
	at com.google.inject.internal.MembersInjectorImpl.injectMembers(MembersInjectorImpl.java:62) ~[guice-4.0.jar:na]
	at com.google.inject.internal.InjectorImpl.injectMembers(InjectorImpl.java:984) ~[guice-4.0.jar:na]
	at com.google.inject.util.Providers$GuicifiedProviderWithDependencies.initialize(Providers.java:149) ~[guice-4.0.jar:na]
	at com.google.inject.util.Providers$GuicifiedProviderWithDependencies$$FastClassByGuice$$2a7177aa.invoke(<generated>) ~[guice-4.0.jar:na]
	at com.google.inject.internal.cglib.reflect.$FastMethod.invoke(FastMethod.java:53) ~[guice-4.0.jar:na]
	at com.google.inject.internal.SingleMethodInjector$1.invoke(SingleMethodInjector.java:57) ~[guice-4.0.jar:na]
	at com.google.inject.internal.SingleMethodInjector.inject(SingleMethodInjector.java:91) ~[guice-4.0.jar:na]
	at com.google.inject.internal.MembersInjectorImpl.injectMembers(MembersInjectorImpl.java:132) ~[guice-4.0.jar:na]
	at com.google.inject.internal.MembersInjectorImpl$1.call(MembersInjectorImpl.java:93) ~[guice-4.0.jar:na]
	at com.google.inject.internal.MembersInjectorImpl$1.call(MembersInjectorImpl.java:80) ~[guice-4.0.jar:na]
	at com.google.inject.internal.InjectorImpl.callInContext(InjectorImpl.java:1092) ~[guice-4.0.jar:na]
	at com.google.inject.internal.MembersInjectorImpl.injectAndNotify(MembersInjectorImpl.java:80) ~[guice-4.0.jar:na]
	at com.google.inject.internal.Initializer$InjectableReference.get(Initializer.java:174) ~[guice-4.0.jar:na]
	at com.google.inject.internal.Initializer.injectAll(Initializer.java:108) ~[guice-4.0.jar:na]
	at com.google.inject.internal.InternalInjectorCreator.injectDynamically(InternalInjectorCreator.java:174) ~[guice-4.0.jar:na]
	at com.google.inject.internal.InternalInjectorCreator.build(InternalInjectorCreator.java:110) ~[guice-4.0.jar:na]
	at com.google.inject.Guice.createInjector(Guice.java:96) ~[guice-4.0.jar:na]
	at com.google.inject.Guice.createInjector(Guice.java:73) ~[guice-4.0.jar:na]
	at com.google.inject.Guice.createInjector(Guice.java:62) ~[guice-4.0.jar:na]
	at play.api.inject.guice.GuiceBuilder.injector(GuiceInjectorBuilder.scala:126) ~[play_2.11-2.4.3.jar:2.4.3]
	at play.api.inject.guice.GuiceApplicationBuilder.build(GuiceApplicationBuilder.scala:93) ~[play_2.11-2.4.3.jar:2.4.3]
	at play.api.inject.guice.GuiceApplicationLoader.load(GuiceApplicationLoader.scala:21) ~[play_2.11-2.4.3.jar:2.4.3]
	at play.core.server.DevServerStart$$anonfun$mainDev$1$$anon$1$$anonfun$get$1$$anonfun$apply$1$$anonfun$1$$anonfun$2.apply(DevServerStart.scala:153) ~[play-server_2.11-2.4.3.jar:2.4.3]
	at play.core.server.DevServerStart$$anonfun$mainDev$1$$anon$1$$anonfun$get$1$$anonfun$apply$1$$anonfun$1$$anonfun$2.apply(DevServerStart.scala:150) ~[play-server_2.11-2.4.3.jar:2.4.3]
	at play.utils.Threads$.withContextClassLoader(Threads.scala:21) ~[play_2.11-2.4.3.jar:2.4.3]
	at play.core.server.DevServerStart$$anonfun$mainDev$1$$anon$1$$anonfun$get$1$$anonfun$apply$1$$anonfun$1.apply(DevServerStart.scala:150) ~[play-server_2.11-2.4.3.jar:2.4.3]
	at play.core.server.DevServerStart$$anonfun$mainDev$1$$anon$1$$anonfun$get$1$$anonfun$apply$1$$anonfun$1.apply(DevServerStart.scala:121) ~[play-server_2.11-2.4.3.jar:2.4.3]
	at scala.Option.map(Option.scala:146) ~[scala-library-2.11.7.jar:na]
	at play.core.server.DevServerStart$$anonfun$mainDev$1$$anon$1$$anonfun$get$1$$anonfun$apply$1.apply(DevServerStart.scala:121) ~[play-server_2.11-2.4.3.jar:2.4.3]
	at play.core.server.DevServerStart$$anonfun$mainDev$1$$anon$1$$anonfun$get$1$$anonfun$apply$1.apply(DevServerStart.scala:119) ~[play-server_2.11-2.4.3.jar:2.4.3]
	at scala.util.Success.flatMap(Try.scala:231) ~[scala-library-2.11.7.jar:na]
	at play.core.server.DevServerStart$$anonfun$mainDev$1$$anon$1$$anonfun$get$1.apply(DevServerStart.scala:119) ~[play-server_2.11-2.4.3.jar:2.4.3]
	at play.core.server.DevServerStart$$anonfun$mainDev$1$$anon$1$$anonfun$get$1.apply(DevServerStart.scala:111) ~[play-server_2.11-2.4.3.jar:2.4.3]
	at scala.concurrent.impl.Future$PromiseCompletingRunnable.liftedTree1$1(Future.scala:24) ~[scala-library-2.11.7.jar:na]
	at scala.concurrent.impl.Future$PromiseCompletingRunnable.run(Future.scala:24) ~[scala-library-2.11.7.jar:na]
	at java.util.concurrent.ForkJoinTask$RunnableExecuteAction.exec(ForkJoinTask.java:1402) ~[na:1.8.0_161]
	at java.util.concurrent.ForkJoinTask.doExec(ForkJoinTask.java:289) ~[na:1.8.0_161]
	at java.util.concurrent.ForkJoinPool$WorkQueue.runTask(ForkJoinPool.java:1056) ~[na:1.8.0_161]
	at java.util.concurrent.ForkJoinPool.runWorker(ForkJoinPool.java:1692) ~[na:1.8.0_161]
	at java.util.concurrent.ForkJoinWorkerThread.run(ForkJoinWorkerThread.java:157) ~[na:1.8.0_161]
Caused by: play.api.Configuration$$anon$1: Configuration error[Exception during pool initialization]
	at play.api.Configuration$.configError(Configuration.scala:178) ~[play_2.11-2.4.3.jar:2.4.3]
	at play.api.PlayConfig.reportError(Configuration.scala:1048) ~[play_2.11-2.4.3.jar:2.4.3]
	at play.api.db.HikariCPConnectionPool.create(HikariCPModule.scala:69) ~[play-jdbc_2.11-2.4.3.jar:2.4.3]
	at play.api.db.PooledDatabase.createDataSource(Databases.scala:199) ~[play-jdbc_2.11-2.4.3.jar:2.4.3]
	at play.api.db.DefaultDatabase.dataSource$lzycompute(Databases.scala:124) ~[play-jdbc_2.11-2.4.3.jar:2.4.3]
	at play.api.db.DefaultDatabase.dataSource(Databases.scala:122) ~[play-jdbc_2.11-2.4.3.jar:2.4.3]
	at play.api.db.DefaultDatabase.getConnection(Databases.scala:143) ~[play-jdbc_2.11-2.4.3.jar:2.4.3]
	at play.api.db.DefaultDatabase.getConnection(Databases.scala:139) ~[play-jdbc_2.11-2.4.3.jar:2.4.3]
	at play.api.db.DefaultDBApi$$anonfun$connect$1.apply(DefaultDBApi.scala:44) ~[play-jdbc_2.11-2.4.3.jar:2.4.3]
	... 56 common frames omitted
Caused by: com.zaxxer.hikari.pool.PoolInitializationException: Exception during pool initialization
	at com.zaxxer.hikari.pool.BaseHikariPool.initializeConnections(BaseHikariPool.java:542) ~[HikariCP-2.3.7.jar:na]
	at com.zaxxer.hikari.pool.BaseHikariPool.<init>(BaseHikariPool.java:171) ~[HikariCP-2.3.7.jar:na]
	at com.zaxxer.hikari.pool.HikariPool.<init>(HikariPool.java:60) ~[HikariCP-2.3.7.jar:na]
	at com.zaxxer.hikari.pool.HikariPool.<init>(HikariPool.java:48) ~[HikariCP-2.3.7.jar:na]
	at com.zaxxer.hikari.HikariDataSource.<init>(HikariDataSource.java:80) ~[HikariCP-2.3.7.jar:na]
	at play.api.db.HikariCPConnectionPool$$anonfun$1.apply(HikariCPModule.scala:58) ~[play-jdbc_2.11-2.4.3.jar:2.4.3]
	at play.api.db.HikariCPConnectionPool$$anonfun$1.apply(HikariCPModule.scala:54) ~[play-jdbc_2.11-2.4.3.jar:2.4.3]
	at scala.util.Try$.apply(Try.scala:192) ~[scala-library-2.11.7.jar:na]
	at play.api.db.HikariCPConnectionPool.create(HikariCPModule.scala:54) ~[play-jdbc_2.11-2.4.3.jar:2.4.3]
	... 62 common frames omitted
Caused by: java.sql.SQLException: Access denied for user 'b6fb387487bc0d'@'34.236.150.123' (using password: YES)
	at com.mysql.jdbc.SQLError.createSQLException(SQLError.java:998) ~[mysql-connector-java-5.1.36.jar:5.1.36]
	at com.mysql.jdbc.MysqlIO.checkErrorPacket(MysqlIO.java:3847) ~[mysql-connector-java-5.1.36.jar:5.1.36]
	at com.mysql.jdbc.MysqlIO.checkErrorPacket(MysqlIO.java:3783) ~[mysql-connector-java-5.1.36.jar:5.1.36]
	at com.mysql.jdbc.MysqlIO.checkErrorPacket(MysqlIO.java:871) ~[mysql-connector-java-5.1.36.jar:5.1.36]
	at com.mysql.jdbc.MysqlIO.proceedHandshakeWithPluggableAuthentication(MysqlIO.java:1665) ~[mysql-connector-java-5.1.36.jar:5.1.36]
	at com.mysql.jdbc.MysqlIO.doHandshake(MysqlIO.java:1207) ~[mysql-connector-java-5.1.36.jar:5.1.36]
	at com.mysql.jdbc.ConnectionImpl.coreConnect(ConnectionImpl.java:2249) ~[mysql-connector-java-5.1.36.jar:5.1.36]
	at com.mysql.jdbc.ConnectionImpl.connectOneTryOnly(ConnectionImpl.java:2280) ~[mysql-connector-java-5.1.36.jar:5.1.36]
	at com.mysql.jdbc.ConnectionImpl.createNewIO(ConnectionImpl.java:2079) ~[mysql-connector-java-5.1.36.jar:5.1.36]
	at com.mysql.jdbc.ConnectionImpl.<init>(ConnectionImpl.java:794) ~[mysql-connector-java-5.1.36.jar:5.1.36]
	at com.mysql.jdbc.JDBC4Connection.<init>(JDBC4Connection.java:44) ~[mysql-connector-java-5.1.36.jar:5.1.36]
	at sun.reflect.NativeConstructorAccessorImpl.newInstance0(Native Method) ~[na:1.8.0_161]
	at sun.reflect.NativeConstructorAccessorImpl.newInstance(NativeConstructorAccessorImpl.java:62) ~[na:1.8.0_161]
	at sun.reflect.DelegatingConstructorAccessorImpl.newInstance(DelegatingConstructorAccessorImpl.java:45) ~[na:1.8.0_161]
	at java.lang.reflect.Constructor.newInstance(Constructor.java:423) ~[na:1.8.0_161]
	at com.mysql.jdbc.Util.handleNewInstance(Util.java:400) ~[mysql-connector-java-5.1.36.jar:5.1.36]
	at com.mysql.jdbc.ConnectionImpl.getInstance(ConnectionImpl.java:399) ~[mysql-connector-java-5.1.36.jar:5.1.36]
	at com.mysql.jdbc.NonRegisteringDriver.connect(NonRegisteringDriver.java:325) ~[mysql-connector-java-5.1.36.jar:5.1.36]
	at com.zaxxer.hikari.util.DriverDataSource.getConnection(DriverDataSource.java:92) ~[HikariCP-2.3.7.jar:na]
	at com.zaxxer.hikari.util.DriverDataSource.getConnection(DriverDataSource.java:98) ~[HikariCP-2.3.7.jar:na]
	at com.zaxxer.hikari.pool.BaseHikariPool.addConnection(BaseHikariPool.java:438) ~[HikariCP-2.3.7.jar:na]
	at com.zaxxer.hikari.pool.BaseHikariPool.initializeConnections(BaseHikariPool.java:540) ~[HikariCP-2.3.7.jar:na]
	... 70 common frames omitted
2019-02-12 19:43:44,363 [WARN] from application in ForkJoinPool-1-worker-2 - Logger configuration in conf files is deprecated and has no effect. Use a logback configuration file instead.
2019-02-12 19:43:44,445 [INFO] from application in ForkJoinPool-1-worker-2 - Creating Pool for datasource 'default'
2019-02-12 19:43:46,811 [INFO] from play.api.db.DefaultDBApi in ForkJoinPool-1-worker-2 - Database [default] connected at jdbc:mysql://us-cdbr-iron-east-03.cleardb.net/heroku_948129e342b07b4
2019-02-12 19:43:47,033 [INFO] from play.api.Play in ForkJoinPool-1-worker-2 - Application started (Dev)
